<?xml version="1.0" encoding="UTF-8"?>
<testng-results skipped="0" failed="0" ignored="0" total="1" passed="1">
  <reporter-output>
  </reporter-output>
  <suite name="Grootan" duration-ms="95" started-at="2020-11-04T20:00:17 IST" finished-at="2020-11-04T20:00:17 IST">
    <groups>
    </groups>
    <test name="Testgrootan" duration-ms="95" started-at="2020-11-04T20:00:17 IST" finished-at="2020-11-04T20:00:17 IST">
      <class name="GrootanTask.imagecompare">
        <test-method status="PASS" signature="comparetheimage()[pri:0, instance:GrootanTask.imagecompare@1f36e637]" name="comparetheimage" duration-ms="15" started-at="2020-11-04T20:00:17 IST" finished-at="2020-11-04T20:00:17 IST">
          <reporter-output>
          </reporter-output>
        </test-method> <!-- comparetheimage -->
      </class> <!-- GrootanTask.imagecompare -->
    </test> <!-- Testgrootan -->
  </suite> <!-- Grootan -->
</testng-results>
